<?xml version="1.0" encoding="UTF-8"?>
<!-- Generated by org.testng.reporters.JUnitReportReporter -->
<testsuite hostname="DESKTOP-7DB1FVS" failures="0" tests="2" name="src.ExtentReports.extentReport1" time="0.000" errors="0" timestamp="2022-09-02T16:29:48 IST" skipped="2">
  <testcase classname="src.ExtentReports.extentReport1" name="test1" time="0.000">
    <skipped/>
  </testcase> <!-- test1 -->
  <system-out/>
  <testcase classname="src.ExtentReports.extentReport1" name="test2" time="0.000">
    <skipped/>
  </testcase> <!-- test2 -->
  <system-out/>
</testsuite> <!-- src.ExtentReports.extentReport1 -->
